build/app/outputs/mapping/release/usage.txt
za.co.telkom.jenkins_test_app.R$style
za.co.telkom.jenkins_test_app.R
za.co.telkom.jenkins_test_app.R$string
za.co.telkom.jenkins_test_app.R$layout
za.co.telkom.jenkins_test_app.R$integer
za.co.telkom.jenkins_test_app.R$drawable
za.co.telkom.jenkins_test_app.R$id
za.co.telkom.jenkins_test_app.R$styleable
za.co.telkom.jenkins_test_app.R$dimen
za.co.telkom.jenkins_test_app.R$attr
za.co.telkom.jenkins_test_app.R$mipmap
za.co.telkom.jenkins_test_app.R$color
za.co.telkom.jenkins_test_app.BuildConfig
...
androidx.annotation.ColorInt
androidx.fragment.app.FragmentTransaction
io.flutter.embedding.android.FlutterView$RenderMode
androidx.core.app.AppComponentFactory
androidx.core.view.TintableBackgroundView
androidx.core.app.NotificationCompatExtras
androidx.viewpager.widget.ViewPager$ItemInfo
androidx.core.view.ViewPropertyAnimatorListener
androidx.core.app.ActivityCompat$RequestPermissionsRequestCodeValidator
io.flutter.embedding.engine.loader.FlutterLoader$2
androidx.lifecycle.ViewModelProvider$Factory
androidx.core.R$attr
androidx.annotation.ColorRes
androidx.core.content.res.GrowingArrayUtils
androidx.core.net.TrafficStatsCompat
io.flutter.embedding.android.AndroidTouchProcessor$PointerSignalKind
androidx.viewpager.widget.ViewPager$1
io.flutter.plugin.common.ErrorLogResult
io.flutter.embedding.engine.FlutterEngineConnectionRegistry$FlutterEngineActivityPluginBinding:
    public android.app.Activity getActivity()
    public java.lang.Object getLifecycle()
    public void addRequestPermissionsResultListener(io.flutter.plugin.common.PluginRegistry$RequestPermissionsResultListener)
    public void removeRequestPermissionsResultListener(io.flutter.plugin.common.PluginRegistry$RequestPermissionsResultListener)
    public void addActivityResultListener(io.flutter.plugin.common.PluginRegistry$ActivityResultListener)
    public void removeActivityResultListener(io.flutter.plugin.common.PluginRegistry$ActivityResultListener)
    public void addOnNewIntentListener(io.flutter.plugin.common.PluginRegistry$NewIntentListener)
    public void removeOnNewIntentListener(io.flutter.plugin.common.PluginRegistry$NewIntentListener)
    public void addOnUserLeaveHintListener(io.flutter.plugin.common.PluginRegistry$UserLeaveHintListener)
    public void removeOnUserLeaveHintListener(io.flutter.plugin.common.PluginRegistry$UserLeaveHintListener)
    public void addOnSaveStateListener(io.flutter.embedding.engine.plugins.activity.ActivityPluginBinding$OnSaveInstanceStateListener)
    public void removeOnSaveStateListener(io.flutter.embedding.engine.plugins.activity.ActivityPluginBinding$OnSaveInstanceStateListener)
androidx.core.view.ViewCompat$AccessibilityViewProperty
androidx.core.app.ActivityOptionsCompat
androidx.annotation.IdRes
io.flutter.embedding.engine.deferredcomponents.DeferredComponentManager:
    public abstract void loadAssets(int,java.lang.String)
    public abstract void loadDartLibrary(int,java.lang.String)
androidx.customview.widget.FocusStrategy$SequentialComparator
io.flutter.view.FlutterView$3
androidx.customview.widget.FocusStrategy$BoundsAdapter
androidx.core.view.accessibility.AccessibilityNodeProviderCompat$AccessibilityNodeProviderApi19
androidx.activity.ImmLeaksCleaner:
    void <init>(android.app.Activity)
    private static final int NOT_INITIALIAZED
    private static final int INIT_SUCCESS
    private static final int INIT_FAILED
androidx.core.app.NotificationCompat$Action$Extender
androidx.viewpager.widget.PagerAdapter
androidx.core.view.ViewCompat$5
androidx.core.text.ICUCompat
androidx.fragment.app.FragmentManagerImpl$3$1
io.flutter.embedding.engine.plugins.util.GeneratedPluginRegister:
    public void <init>()
    private static final java.lang.String TAG
androidx.core.os.ParcelableCompatCreatorCallbacks
androidx.fragment.app.FragmentManagerImpl$3
androidx.core.provider.FontsContractCompat$1
androidx.core.util.Pair
io.flutter.plugin.common.BinaryCodec
io.flutter.view.FlutterView$ZeroSides
androidx.core.text.PrecomputedTextCompat
androidx.collection.CircularIntArray